2026-05-23 12:59:41 - INFO - ================================================================================
2026-05-23 12:59:41 - INFO - 开始获取彩票开奖结果...
2026-05-23 12:59:41 - INFO - ================================================================================
2026-05-23 12:59:41 - INFO - 
开始获取港彩开奖结果...
2026-05-23 12:59:41 - INFO - 尝试从主API获取港彩数据: https://macaumarksix.com/api/hkjc.com
2026-05-23 12:59:41 - INFO - 港彩开奖结果：第054期：07 13 15 05 31 27 特码 16
2026-05-23 12:59:41 - INFO - ✅ 已保存港彩开奖结果到 hk.txt
2026-05-23 12:59:41 - INFO - ✅ 已更新港彩下一期开奖时间信息
2026-05-23 12:59:43 - INFO - ================================================================================
2026-05-23 12:59:43 - INFO - 
开始获取新澳开奖结果...
2026-05-23 12:59:43 - INFO - 尝试从主API获取新澳数据: https://macaumarksix.com/api/macaujc2.com
2026-05-23 12:59:43 - INFO - 新澳开奖结果：第142期：45 15 26 21 18 35 特码 23
2026-05-23 12:59:43 - INFO - ✅ 已保存新澳开奖结果到 xam.txt
2026-05-23 12:59:43 - INFO - ✅ 已更新新澳下一期开奖时间信息
2026-05-23 12:59:45 - INFO - ================================================================================
2026-05-23 12:59:45 - INFO - 
开始获取老澳开奖结果...
2026-05-23 12:59:45 - INFO - 尝试从主API获取老澳数据: https://macaumarksix.com/api/live
2026-05-23 12:59:45 - INFO - 老澳开奖结果：第142期：39 14 36 06 04 02 特码 17
2026-05-23 12:59:45 - INFO - ✅ 已保存老澳开奖结果到 lam.txt
2026-05-23 12:59:45 - INFO - ✅ 已更新老澳下一期开奖时间信息
2026-05-23 12:59:48 - INFO - ================================================================================
2026-05-23 12:59:48 - INFO - 
开始获取快乐8开奖结果...
2026-05-23 12:59:48 - INFO - 尝试从主API获取快乐8数据: https://49xr.cc/data/xjp.js
2026-05-23 12:59:49 - INFO - 快乐8开奖结果：第142期：18 10 25 36 02 27 特码 22
2026-05-23 12:59:49 - INFO - ✅ 已保存快乐8开奖结果到 klb.txt
2026-05-23 12:59:49 - INFO - ✅ 已更新快乐8下一期开奖时间信息
2026-05-23 12:59:52 - INFO - 
✅ time.txt 读取成功
2026-05-23 12:59:52 - INFO - === time.txt 内容 ===
2026-05-23 12:59:52 - INFO - 港彩第055期：05月22日 21点32分
新澳第143期：05月23日 21点32分
老澳第143期：05月23日 22点32分
快乐8第143期：05月23日 21点00分
2026-05-23 12:59:52 - INFO - === time.txt 内容结束 ===

================= 日志内容结束 =================
2026-05-23 13:01:07 - INFO - ================================================================================
2026-05-23 13:01:07 - INFO - 开始获取彩票开奖结果...
2026-05-23 13:01:07 - INFO - ================================================================================
2026-05-23 13:01:07 - INFO - 
开始获取港彩开奖结果...
2026-05-23 13:01:07 - INFO - 尝试从主API获取港彩数据: https://macaumarksix.com/api/hkjc.com
2026-05-23 13:01:07 - INFO - 港彩开奖结果：第054期：07 13 15 05 31 27 特码 16
2026-05-23 13:01:07 - INFO - ✅ 已保存港彩开奖结果到 hk.txt
2026-05-23 13:01:07 - INFO - ✅ 已更新港彩下一期开奖时间信息
2026-05-23 13:01:09 - INFO - ================================================================================
2026-05-23 13:01:09 - INFO - 
开始获取新澳开奖结果...
2026-05-23 13:01:09 - INFO - 尝试从主API获取新澳数据: https://macaumarksix.com/api/macaujc2.com
2026-05-23 13:01:10 - INFO - 新澳开奖结果：第142期：45 15 26 21 18 35 特码 23
2026-05-23 13:01:10 - INFO - ✅ 已保存新澳开奖结果到 xam.txt
2026-05-23 13:01:10 - INFO - ✅ 已更新新澳下一期开奖时间信息
2026-05-23 13:01:12 - INFO - ================================================================================
2026-05-23 13:01:12 - INFO - 
开始获取老澳开奖结果...
2026-05-23 13:01:12 - INFO - 尝试从主API获取老澳数据: https://macaumarksix.com/api/live
2026-05-23 13:01:12 - INFO - 老澳开奖结果：第142期：39 14 36 06 04 02 特码 17
2026-05-23 13:01:12 - INFO - ✅ 已保存老澳开奖结果到 lam.txt
2026-05-23 13:01:12 - INFO - ✅ 已更新老澳下一期开奖时间信息
2026-05-23 13:01:13 - INFO - ================================================================================
2026-05-23 13:01:13 - INFO - 
开始获取快乐8开奖结果...
2026-05-23 13:01:13 - INFO - 尝试从主API获取快乐8数据: https://49xr.cc/data/xjp.js
2026-05-23 13:01:14 - INFO - 快乐8开奖结果：第142期：18 10 25 36 02 27 特码 22
2026-05-23 13:01:14 - INFO - ✅ 已保存快乐8开奖结果到 klb.txt
2026-05-23 13:01:14 - INFO - ✅ 已更新快乐8下一期开奖时间信息
2026-05-23 13:01:15 - INFO - 
✅ time.txt 读取成功
2026-05-23 13:01:15 - INFO - === time.txt 内容 ===
2026-05-23 13:01:15 - INFO - 港彩第055期：05月22日 21点32分
新澳第143期：05月23日 21点32分
老澳第143期：05月23日 22点32分
快乐8第143期：05月23日 21点00分
2026-05-23 13:01:15 - INFO - === time.txt 内容结束 ===

================= 日志内容结束 =================
2026-05-23 19:57:01 - INFO - ================================================================================
2026-05-23 19:57:01 - INFO - 开始获取彩票开奖结果...
2026-05-23 19:57:01 - INFO - ================================================================================
2026-05-23 19:57:01 - INFO - 
开始获取港彩开奖结果...
2026-05-23 19:57:01 - INFO - 尝试从主API获取港彩数据: https://macaumarksix.com/api/hkjc.com
2026-05-23 19:57:01 - INFO - 港彩开奖结果：第054期：07 13 15 05 31 27 特码 16
2026-05-23 19:57:01 - INFO - ✅ 已保存港彩开奖结果到 hk.txt
2026-05-23 19:57:01 - INFO - ✅ 已更新港彩下一期开奖时间信息
2026-05-23 19:57:03 - INFO - ================================================================================
2026-05-23 19:57:03 - INFO - 
开始获取新澳开奖结果...
2026-05-23 19:57:03 - INFO - 尝试从主API获取新澳数据: https://macaumarksix.com/api/macaujc2.com
2026-05-23 19:57:03 - INFO - 新澳开奖结果：第142期：45 15 26 21 18 35 特码 23
2026-05-23 19:57:03 - INFO - ✅ 已保存新澳开奖结果到 xam.txt
2026-05-23 19:57:03 - INFO - ✅ 已更新新澳下一期开奖时间信息
2026-05-23 19:57:06 - INFO - ================================================================================
2026-05-23 19:57:06 - INFO - 
开始获取老澳开奖结果...
2026-05-23 19:57:06 - INFO - 尝试从主API获取老澳数据: https://macaumarksix.com/api/live
2026-05-23 19:57:06 - INFO - 老澳开奖结果：第142期：39 14 36 06 04 02 特码 17
2026-05-23 19:57:06 - INFO - ✅ 已保存老澳开奖结果到 lam.txt
2026-05-23 19:57:06 - INFO - ✅ 已更新老澳下一期开奖时间信息
2026-05-23 19:57:07 - INFO - ================================================================================
2026-05-23 19:57:07 - INFO - 
开始获取快乐8开奖结果...
2026-05-23 19:57:07 - INFO - 尝试从主API获取快乐8数据: https://49xr.cc/data/xjp.js
2026-05-23 19:57:08 - INFO - 快乐8开奖结果：第142期：18 10 25 36 02 27 特码 22
2026-05-23 19:57:08 - INFO - ✅ 已保存快乐8开奖结果到 klb.txt
2026-05-23 19:57:08 - INFO - ✅ 已更新快乐8下一期开奖时间信息
2026-05-23 19:57:10 - INFO - 
✅ time.txt 读取成功
2026-05-23 19:57:10 - INFO - === time.txt 内容 ===
2026-05-23 19:57:10 - INFO - 港彩第055期：05月22日 21点32分
新澳第143期：05月23日 21点32分
老澳第143期：05月23日 22点32分
快乐8第143期：05月23日 21点00分
2026-05-23 19:57:10 - INFO - === time.txt 内容结束 ===

================= 日志内容结束 =================
2026-05-23 21:17:15 - INFO - ================================================================================
2026-05-23 21:17:15 - INFO - 开始获取彩票开奖结果...
2026-05-23 21:17:15 - INFO - ================================================================================
2026-05-23 21:17:15 - INFO - 
开始获取港彩开奖结果...
2026-05-23 21:17:15 - INFO - 尝试从主API获取港彩数据: https://macaumarksix.com/api/hkjc.com
2026-05-23 21:17:15 - INFO - 港彩开奖结果：第054期：07 13 15 05 31 27 特码 16
2026-05-23 21:17:15 - INFO - ✅ 已保存港彩开奖结果到 hk.txt
2026-05-23 21:17:15 - INFO - ✅ 已更新港彩下一期开奖时间信息
2026-05-23 21:17:18 - INFO - ================================================================================
2026-05-23 21:17:18 - INFO - 
开始获取新澳开奖结果...
2026-05-23 21:17:18 - INFO - 尝试从主API获取新澳数据: https://macaumarksix.com/api/macaujc2.com
2026-05-23 21:17:18 - INFO - 新澳开奖结果：第142期：45 15 26 21 18 35 特码 23
2026-05-23 21:17:18 - INFO - ✅ 已保存新澳开奖结果到 xam.txt
2026-05-23 21:17:18 - INFO - ✅ 已更新新澳下一期开奖时间信息
2026-05-23 21:17:20 - INFO - ================================================================================
2026-05-23 21:17:20 - INFO - 
开始获取老澳开奖结果...
2026-05-23 21:17:20 - INFO - 尝试从主API获取老澳数据: https://macaumarksix.com/api/live
2026-05-23 21:17:20 - INFO - 老澳开奖结果：第142期：39 14 36 06 04 02 特码 17
2026-05-23 21:17:20 - INFO - ✅ 已保存老澳开奖结果到 lam.txt
2026-05-23 21:17:20 - INFO - ✅ 已更新老澳下一期开奖时间信息
2026-05-23 21:17:23 - INFO - ================================================================================
2026-05-23 21:17:23 - INFO - 
开始获取快乐8开奖结果...
2026-05-23 21:17:23 - INFO - 尝试从主API获取快乐8数据: https://49xr.cc/data/xjp.js
2026-05-23 21:17:24 - INFO - 快乐8开奖结果：第143期：29 48 36 09 01 33 特码 44
2026-05-23 21:17:24 - INFO - ✅ 已保存快乐8开奖结果到 klb.txt
2026-05-23 21:17:24 - INFO - ✅ 已更新快乐8下一期开奖时间信息
2026-05-23 21:17:26 - INFO - 
✅ time.txt 读取成功
2026-05-23 21:17:26 - INFO - === time.txt 内容 ===
2026-05-23 21:17:26 - INFO - 港彩第055期：05月22日 21点32分
新澳第143期：05月23日 21点32分
老澳第143期：05月23日 22点32分
快乐8第144期：05月24日 21点00分
2026-05-23 21:17:26 - INFO - === time.txt 内容结束 ===

================= 日志内容结束 =================
2026-05-23 22:24:35 - INFO - ================================================================================
2026-05-23 22:24:35 - INFO - 开始获取彩票开奖结果...
2026-05-23 22:24:35 - INFO - ================================================================================
2026-05-23 22:24:35 - INFO - 
开始获取港彩开奖结果...
2026-05-23 22:24:35 - INFO - 尝试从主API获取港彩数据: https://macaumarksix.com/api/hkjc.com
2026-05-23 22:24:35 - INFO - 055期：08豬 → 鸡日冲兔
2026-05-23 22:24:35 - INFO - ✅ 已保存港彩日冲记录到 hkrc.txt
2026-05-23 22:24:35 - INFO - 港彩开奖结果：第055期：20 07 02 42 49 47 特码 08
2026-05-23 22:24:35 - INFO - ✅ 已保存港彩开奖结果到 hk.txt
2026-05-23 22:24:35 - INFO - ✅ 已更新港彩下一期开奖时间信息
2026-05-23 22:24:38 - INFO - ================================================================================
2026-05-23 22:24:38 - INFO - 
开始获取新澳开奖结果...
2026-05-23 22:24:38 - INFO - 尝试从主API获取新澳数据: https://macaumarksix.com/api/macaujc2.com
2026-05-23 22:24:39 - INFO - 新澳开奖结果：第143期：13 26 18 32 02 33 特码 44
2026-05-23 22:24:39 - INFO - ✅ 已保存新澳开奖结果到 xam.txt
2026-05-23 22:24:39 - INFO - ✅ 已更新新澳下一期开奖时间信息
2026-05-23 22:24:40 - INFO - ================================================================================
2026-05-23 22:24:40 - INFO - 
开始获取老澳开奖结果...
2026-05-23 22:24:40 - INFO - 尝试从主API获取老澳数据: https://macaumarksix.com/api/live
2026-05-23 22:24:41 - INFO - 老澳开奖结果：第142期：39 14 36 06 04 02 特码 17
2026-05-23 22:24:41 - INFO - ✅ 已保存老澳开奖结果到 lam.txt
2026-05-23 22:24:41 - INFO - ✅ 已更新老澳下一期开奖时间信息
2026-05-23 22:24:43 - INFO - ================================================================================
2026-05-23 22:24:43 - INFO - 
开始获取快乐8开奖结果...
2026-05-23 22:24:43 - INFO - 尝试从主API获取快乐8数据: https://49xr.cc/data/xjp.js
2026-05-23 22:24:43 - INFO - 快乐8开奖结果：第143期：29 48 36 09 01 33 特码 44
2026-05-23 22:24:43 - INFO - ✅ 已保存快乐8开奖结果到 klb.txt
2026-05-23 22:24:43 - INFO - ✅ 已更新快乐8下一期开奖时间信息
2026-05-23 22:24:44 - INFO - 
✅ time.txt 读取成功
2026-05-23 22:24:44 - INFO - === time.txt 内容 ===
2026-05-23 22:24:44 - INFO - 港彩第056期：05月24日 21点32分
新澳第144期：05月24日 21点32分
老澳第143期：05月23日 22点32分
快乐8第144期：05月24日 21点00分
2026-05-23 22:24:44 - INFO - === time.txt 内容结束 ===

================= 日志内容结束 =================
2026-05-23 23:05:45 - INFO - ================================================================================
2026-05-23 23:05:45 - INFO - 开始获取彩票开奖结果...
2026-05-23 23:05:45 - INFO - ================================================================================
2026-05-23 23:05:45 - INFO - 
开始获取港彩开奖结果...
2026-05-23 23:05:45 - INFO - 尝试从主API获取港彩数据: https://macaumarksix.com/api/hkjc.com
2026-05-23 23:05:46 - INFO - 港彩开奖结果：第055期：20 07 02 42 49 47 特码 08
2026-05-23 23:05:46 - INFO - ✅ 已保存港彩开奖结果到 hk.txt
2026-05-23 23:05:46 - INFO - ✅ 已更新港彩下一期开奖时间信息
2026-05-23 23:05:48 - INFO - ================================================================================
2026-05-23 23:05:48 - INFO - 
开始获取新澳开奖结果...
2026-05-23 23:05:48 - INFO - 尝试从主API获取新澳数据: https://macaumarksix.com/api/macaujc2.com
2026-05-23 23:05:48 - INFO - 新澳开奖结果：第143期：13 26 18 32 02 33 特码 44
2026-05-23 23:05:48 - INFO - ✅ 已保存新澳开奖结果到 xam.txt
2026-05-23 23:05:48 - INFO - ✅ 已更新新澳下一期开奖时间信息
2026-05-23 23:05:50 - INFO - ================================================================================
2026-05-23 23:05:50 - INFO - 
开始获取老澳开奖结果...
2026-05-23 23:05:50 - INFO - 尝试从主API获取老澳数据: https://macaumarksix.com/api/live
2026-05-23 23:05:50 - INFO - 老澳开奖结果：第143期：25 33 40 19 10 49 特码 09
2026-05-23 23:05:50 - INFO - ✅ 已保存老澳开奖结果到 lam.txt
2026-05-23 23:05:50 - INFO - ✅ 已更新老澳下一期开奖时间信息
2026-05-23 23:05:53 - INFO - ================================================================================
2026-05-23 23:05:53 - INFO - 
开始获取快乐8开奖结果...
2026-05-23 23:05:53 - INFO - 尝试从主API获取快乐8数据: https://49xr.cc/data/xjp.js
2026-05-23 23:05:53 - INFO - 快乐8开奖结果：第143期：29 48 36 09 01 33 特码 44
2026-05-23 23:05:53 - INFO - ✅ 已保存快乐8开奖结果到 klb.txt
2026-05-23 23:05:53 - INFO - ✅ 已更新快乐8下一期开奖时间信息
2026-05-23 23:05:56 - INFO - 
✅ time.txt 读取成功
2026-05-23 23:05:56 - INFO - === time.txt 内容 ===
2026-05-23 23:05:56 - INFO - 港彩第056期：05月24日 21点32分
新澳第144期：05月24日 21点32分
老澳第144期：05月24日 22点32分
快乐8第144期：05月24日 21点00分
2026-05-23 23:05:56 - INFO - === time.txt 内容结束 ===

================= 日志内容结束 =================
